2018/05/10 13:30:41 INFO  - jmeter.util.JMeterUtils: Setting Locale to en_US 
2018/05/10 13:30:41 INFO  - jmeter.JMeter: Loading user properties from: E:\eclipse-workspace\APItest\target\jmeter\bin\user.properties 
2018/05/10 13:30:41 INFO  - jmeter.JMeter: Loading system properties from: E:\eclipse-workspace\APItest\target\jmeter\bin\system.properties 
2018/05/10 13:30:41 INFO  - jmeter.JMeter: Copyright (c) 1998-2014 The Apache Software Foundation 
2018/05/10 13:30:41 INFO  - jmeter.JMeter: Version 2.11 r1554548 
2018/05/10 13:30:41 INFO  - jmeter.JMeter: java.version=1.8.0_161 
2018/05/10 13:30:41 INFO  - jmeter.JMeter: java.vm.name=Java HotSpot(TM) 64-Bit Server VM 
2018/05/10 13:30:41 INFO  - jmeter.JMeter: os.name=Windows 10 
2018/05/10 13:30:41 INFO  - jmeter.JMeter: os.arch=amd64 
2018/05/10 13:30:41 INFO  - jmeter.JMeter: os.version=10.0 
2018/05/10 13:30:41 INFO  - jmeter.JMeter: file.encoding=GBK 
2018/05/10 13:30:41 INFO  - jmeter.JMeter: Default Locale=English (United States) 
2018/05/10 13:30:41 INFO  - jmeter.JMeter: JMeter  Locale=English (United States) 
2018/05/10 13:30:41 INFO  - jmeter.JMeter: JMeterHome=E:\eclipse-workspace\APItest\target\jmeter 
2018/05/10 13:30:41 INFO  - jmeter.JMeter: user.dir  =E:\eclipse-workspace\APItest\target\jmeter\bin 
2018/05/10 13:30:41 INFO  - jmeter.JMeter: PWD       =E:\eclipse-workspace\APItest\target\jmeter\bin 
2018/05/10 13:30:41 INFO  - jmeter.JMeter: IP: 10.72.1.99 Name: EPCNSZUW0068 FullName: windows10.microdone.cn 
2018/05/10 13:30:41 INFO  - jmeter.services.FileServer: Default base='E:\eclipse-workspace\APItest\target\jmeter\bin' 
2018/05/10 13:30:41 INFO  - jmeter.services.FileServer: Set new base='E:\eclipse-workspace\APItest\src\test\jmeter' 
2018/05/10 13:30:41 INFO  - jmeter.JMeter: Loading file: E:\eclipse-workspace\APItest\src\test\jmeter\WeatherWS.jmx 
2018/05/10 13:30:41 INFO  - jmeter.save.SaveService: Testplan (JMX) version: 2.2. Testlog (JTL) version: 2.2 
2018/05/10 13:30:41 INFO  - jmeter.save.SaveService: Using SaveService properties file encoding UTF-8 
2018/05/10 13:30:41 INFO  - jmeter.save.SaveService: Using SaveService properties version 4.0 
2018/05/10 13:30:41 WARN  - jmeter.save.SaveService: Bad _version - expected 2.6, found 4.0. 
2018/05/10 13:30:41 INFO  - jmeter.save.SaveService: All converter versions present and correct 
2018/05/10 13:30:41 INFO  - jmeter.protocol.http.sampler.HTTPSamplerBase: Parser for text/html is org.apache.jmeter.protocol.http.parser.LagartoBasedHtmlParser 
2018/05/10 13:30:41 INFO  - jmeter.protocol.http.sampler.HTTPSamplerBase: Parser for application/xhtml+xml is org.apache.jmeter.protocol.http.parser.LagartoBasedHtmlParser 
2018/05/10 13:30:41 INFO  - jmeter.protocol.http.sampler.HTTPSamplerBase: Parser for application/xml is org.apache.jmeter.protocol.http.parser.LagartoBasedHtmlParser 
2018/05/10 13:30:41 INFO  - jmeter.protocol.http.sampler.HTTPSamplerBase: Parser for text/xml is org.apache.jmeter.protocol.http.parser.LagartoBasedHtmlParser 
2018/05/10 13:30:41 INFO  - jmeter.protocol.http.sampler.HTTPSamplerBase: Parser for text/vnd.wap.wml is org.apache.jmeter.protocol.http.parser.RegexpHTMLParser 
2018/05/10 13:30:41 INFO  - jmeter.protocol.http.sampler.HTTPSamplerBase: Parser for text/css is org.apache.jmeter.protocol.http.parser.CssParser 
2018/05/10 13:30:41 ERROR - jmeter.save.SaveService: Conversion error com.thoughtworks.xstream.converters.ConversionException: No field 'sentBytes' found in class 'org.apache.jmeter.samplers.SampleSaveConfiguration' : No field 'sentBytes' found in class 'org.apache.jmeter.samplers.SampleSaveConfiguration'
---- Debugging information ----
message             : No field 'sentBytes' found in class 'org.apache.jmeter.samplers.SampleSaveConfiguration'
cause-exception     : com.thoughtworks.xstream.converters.reflection.MissingFieldException
cause-message       : No field 'sentBytes' found in class 'org.apache.jmeter.samplers.SampleSaveConfiguration'
class               : org.apache.jmeter.samplers.SampleSaveConfiguration
required-type       : org.apache.jmeter.samplers.SampleSaveConfiguration
converter-type      : org.apache.jmeter.save.converters.SampleSaveConfigurationConverter
path                : /jmeterTestPlan/hashTree/hashTree/hashTree/ResultCollector/objProp/value/sentBytes
line number         : 217
class[1]            : org.apache.jmeter.testelement.property.ObjectProperty
converter-type[1]   : com.thoughtworks.xstream.converters.reflection.ReflectionConverter
class[2]            : org.apache.jmeter.reporters.ResultCollector
converter-type[2]   : org.apache.jmeter.save.converters.TestElementConverter
class[3]            : org.apache.jorphan.collections.ListedHashTree
converter-type[3]   : org.apache.jmeter.save.converters.HashTreeConverter
------------------------------- : No field 'sentBytes' found in class 'org.apache.jmeter.samplers.SampleSaveConfiguration' : No field 'sentBytes' found in class 'org.apache.jmeter.samplers.SampleSaveConfiguration'
---- Debugging information ----
message             : No field 'sentBytes' found in class 'org.apache.jmeter.samplers.SampleSaveConfiguration'
cause-exception     : com.thoughtworks.xstream.converters.reflection.MissingFieldException
cause-message       : No field 'sentBytes' found in class 'org.apache.jmeter.samplers.SampleSaveConfiguration'
class               : org.apache.jmeter.samplers.SampleSaveConfiguration
required-type       : org.apache.jmeter.samplers.SampleSaveConfiguration
converter-type      : org.apache.jmeter.save.converters.SampleSaveConfigurationConverter
path                : /jmeterTestPlan/hashTree/hashTree/hashTree/ResultCollector/objProp/value/sentBytes
line number         : 217
class[1]            : org.apache.jmeter.testelement.property.ObjectProperty
converter-type[1]   : com.thoughtworks.xstream.converters.reflection.ReflectionConverter
class[2]            : org.apache.jmeter.reporters.ResultCollector
converter-type[2]   : org.apache.jmeter.save.converters.TestElementConverter
class[3]            : org.apache.jorphan.collections.ListedHashTree
converter-type[3]   : org.apache.jmeter.save.converters.HashTreeConverter
-------------------------------
message             : No field 'sentBytes' found in class 'org.apache.jmeter.samplers.SampleSaveConfiguration' : No field 'sentBytes' found in class 'org.apache.jmeter.samplers.SampleSaveConfiguration'
---- Debugging information ----
message             : No field 'sentBytes' found in class 'org.apache.jmeter.samplers.SampleSaveConfiguration'
cause-exception     : com.thoughtworks.xstream.converters.reflection.MissingFieldException
cause-message       : No field 'sentBytes' found in class 'org.apache.jmeter.samplers.SampleSaveConfiguration'
class               : org.apache.jmeter.samplers.SampleSaveConfiguration
required-type       : org.apache.jmeter.samplers.SampleSaveConfiguration
converter-type      : org.apache.jmeter.save.converters.SampleSaveConfigurationConverter
path                : /jmeterTestPlan/hashTree/hashTree/hashTree/ResultCollector/objProp/value/sentBytes
line number         : 217
class[1]            : org.apache.jmeter.testelement.property.ObjectProperty
converter-type[1]   : com.thoughtworks.xstream.converters.reflection.ReflectionConverter
class[2]            : org.apache.jmeter.reporters.ResultCollector
converter-type[2]   : org.apache.jmeter.save.converters.TestElementConverter
class[3]            : org.apache.jorphan.collections.ListedHashTree
converter-type[3]   : org.apache.jmeter.save.converters.HashTreeConverter
-------------------------------
cause-exception     : com.thoughtworks.xstream.converters.ConversionException
cause-message       : No field 'sentBytes' found in class 'org.apache.jmeter.samplers.SampleSaveConfiguration' : No field 'sentBytes' found in class 'org.apache.jmeter.samplers.SampleSaveConfiguration'
first-jmeter-class  : org.apache.jmeter.save.converters.TestElementConverter.unmarshal(TestElementConverter.java:107)
class               : org.apache.jmeter.save.ScriptWrapper
required-type       : org.apache.jmeter.samplers.SampleSaveConfiguration
converter-type      : org.apache.jmeter.save.ScriptWrapperConverter
path                : /jmeterTestPlan/hashTree/hashTree/hashTree/ResultCollector/objProp/value/sentBytes
line number         : 217
version             : 2.11 r1554548
------------------------------- 
2018/05/10 13:30:41 ERROR - jmeter.JMeter: Error in NonGUIDriver java.lang.NullPointerException
	at org.apache.jmeter.gui.tree.JMeterTreeModel.addSubTree(JMeterTreeModel.java:92)
	at org.apache.jmeter.JMeter.runNonGui(JMeter.java:754)
	at org.apache.jmeter.JMeter.startNonGui(JMeter.java:732)
	at org.apache.jmeter.JMeter.start(JMeter.java:390)
	at sun.reflect.NativeMethodAccessorImpl.invoke0(Native Method)
	at sun.reflect.NativeMethodAccessorImpl.invoke(NativeMethodAccessorImpl.java:62)
	at sun.reflect.DelegatingMethodAccessorImpl.invoke(DelegatingMethodAccessorImpl.java:43)
	at java.lang.reflect.Method.invoke(Method.java:498)
	at org.apache.jmeter.NewDriver.main(NewDriver.java:259)

